<?xml version="1.0" encoding="UTF-8"?>
<!-- Generated by org.testng.reporters.JUnitXMLReporter -->
<testsuite ignored="0" hostname="LAPTOP-PKN5ROKJ" failures="0" tests="9" name="Functional testing on Google" time="65.888" errors="0" timestamp="2021-03-05T14:52:13 IST">
  <testcase classname="com.qa.testscript.AutoSuggestScript" name="searchItem" time="5.888"/>
  <testcase classname="com.qa.testscript.AutoSuggestScript" name="searchItem" time="5.444"/>
  <testcase classname="com.qa.testscript.AutoSuggestScript" name="searchItem" time="5.33"/>
  <testcase classname="com.qa.testscript.AutoSuggestScript" name="searchItem" time="5.343"/>
  <testcase classname="com.qa.testscript.AutoSuggestScript" name="searchItem" time="5.332"/>
  <testcase classname="com.qa.testscript.AutoSuggestScript" name="searchItem" time="5.303"/>
  <testcase classname="com.qa.testscript.AutoSuggestScript" name="searchItem" time="5.338"/>
  <testcase classname="com.qa.testscript.AutoSuggestScript" name="searchItem" time="5.318"/>
  <testcase classname="com.qa.testscript.AutoSuggestScript" name="searchItem" time="5.289"/>
</testsuite> <!-- Functional testing on Google -->
