<?xml version="1.0" encoding="UTF-8"?>
<!-- Generated by org.testng.reporters.JUnitXMLReporter -->
<testsuite ignored="0" hostname="LAPTOP-PKN5ROKJ" failures="0" tests="2" name="Functional testing on Rediff" time="76.625" errors="0" timestamp="2021-02-25T20:35:56 IST">
  <testcase classname="com.qa.testscript.TC_Rediff_001_TestScripts" name="rediffPageLink" time="3.633"/>
  <testcase classname="com.qa.testscript.TC_Rediff_002_TestScripts" name="rediffPageLink" time="7.472"/>
</testsuite> <!-- Functional testing on Rediff -->
