<?xml version="1.0" encoding="UTF-8"?>
<!-- Generated by org.testng.reporters.JUnitXMLReporter -->
<testsuite ignored="0" hostname="LAPTOP-PKN5ROKJ" failures="0" tests="2" name="testing on Rediff" time="52.59" errors="0" timestamp="2021-02-25T15:43:57 IST">
  <testcase classname="com.qa.testscript.TC_Rediff_001_TestScripts" name="rediffPageLink" time="2.962"/>
  <testcase classname="com.qa.testscript.TC_Rediff_002_TestScripts" name="rediffPageLink" time="1.878"/>
</testsuite> <!-- testing on Rediff -->
